app/build/outputs/logs/manifest-merger-debug-report.txt
-- Merging decision tree log ---
manifest
ADDED from src/main/AndroidManifest.xml:2:1-41:12
	package
		ADDED from src/main/AndroidManifest.xml:2:11-39
		INJECTED from src/main/AndroidManifest.xml
		INJECTED from src/main/AndroidManifest.xml
	android:versionName
		ADDED from src/main/AndroidManifest.xml:5:11-36
		INJECTED from src/main/AndroidManifest.xml
		INJECTED from src/main/AndroidManifest.xml
	android:versionCode
		ADDED from src/main/AndroidManifest.xml:4:11-34
		INJECTED from src/main/AndroidManifest.xml
		INJECTED from src/main/AndroidManifest.xml
	xmlns:android
		ADDED from src/main/AndroidManifest.xml:3:11-69
uses-sdk
ADDED from src/main/AndroidManifest.xml:7:5-9:40
	android:targetSdkVersion
		ADDED from src/main/AndroidManifest.xml:9:9-38
		INJECTED from src/main/AndroidManifest.xml
		INJECTED from src/main/AndroidManifest.xml
	android:minSdkVersion
		ADDED from src/main/AndroidManifest.xml:8:9-34
		INJECTED from src/main/AndroidManifest.xml
		INJECTED from src/main/AndroidManifest.xml
uses-permission#android.permission.INTERNET
ADDED from src/main/AndroidManifest.xml:11:5-66
	android:name
		ADDED from src/main/AndroidManifest.xml:11:22-64
uses-permission#android.permission.ACCESS_NETWORK_STATE
ADDED from src/main/AndroidManifest.xml:12:5-78
	android:name
		ADDED from src/main/AndroidManifest.xml:12:22-76
uses-permission#android.permission.WRITE_EXTERNAL_STORAGE
ADDED from src/main/AndroidManifest.xml:13:5-80
	android:name
		ADDED from src/main/AndroidManifest.xml:13:22-78
uses-permission#android.permission.RECORD_AUDIO
ADDED from src/main/AndroidManifest.xml:14:5-70
	android:name
		ADDED from src/main/AndroidManifest.xml:14:22-68
uses-permission#android.permission.WAKE_LOCK
ADDED from src/main/AndroidManifest.xml:15:5-67
	android:name
		ADDED from src/main/AndroidManifest.xml:15:22-65
uses-permission#android.permission.ACCESS_WIFI_STATE
ADDED from src/main/AndroidManifest.xml:16:5-75
	android:name
		ADDED from src/main/AndroidManifest.xml:16:22-73
uses-permission#android.permission.CHANGE_WIFI_MULTICAST_STATE
ADDED from src/main/AndroidManifest.xml:17:5-85
	android:name
		ADDED from src/main/AndroidManifest.xml:17:22-83
uses-permission#android.permission.CAMERA
ADDED from src/main/AndroidManifest.xml:18:5-64
	android:name
		ADDED from src/main/AndroidManifest.xml:18:22-62
uses-permission#android.permission.VIBRATE
ADDED from src/main/AndroidManifest.xml:20:5-65
	android:name
		ADDED from src/main/AndroidManifest.xml:20:22-63
uses-permission#android.permission.RECEIVE_SMS
ADDED from src/main/AndroidManifest.xml:21:5-69
	android:name
		ADDED from src/main/AndroidManifest.xml:21:22-67
application
ADDED from src/main/AndroidManifest.xml:23:5-39:19
	android:label
		ADDED from src/main/AndroidManifest.xml:27:9-41
	android:allowBackup
		ADDED from src/main/AndroidManifest.xml:25:9-35
	android:icon
		ADDED from src/main/AndroidManifest.xml:26:9-45
	android:theme
		ADDED from src/main/AndroidManifest.xml:28:9-73
	android:name
		ADDED from src/main/AndroidManifest.xml:24:9-56
activity#com.lizheng.live.MainActivity
ADDED from src/main/AndroidManifest.xml:29:9-38:20
	android:label
		ADDED from src/main/AndroidManifest.xml:32:13-45
	android:configChanges
		ADDED from src/main/AndroidManifest.xml:31:13-132
	android:name
		ADDED from src/main/AndroidManifest.xml:30:13-57
intent-filter#android.intent.action.MAIN+android.intent.category.LAUNCHER
ADDED from src/main/AndroidManifest.xml:33:13-37:29
action#android.intent.action.MAIN
ADDED from src/main/AndroidManifest.xml:34:17-68
	android:name
		ADDED from src/main/AndroidManifest.xml:34:25-66
category#android.intent.category.LAUNCHER
ADDED from src/main/AndroidManifest.xml:36:17-76
	android:name
		ADDED from src/main/AndroidManifest.xml:36:27-74